<?xml version="1.0" encoding="UTF-8"?>
<testng-results skipped="0" failed="0" ignored="0" total="1" passed="1">
  <reporter-output>
  </reporter-output>
  <suite name="Default suite" duration-ms="60" started-at="2020-06-01T19:51:54 EDT" finished-at="2020-06-01T19:51:54 EDT">
    <groups>
    </groups>
    <test name="Default test" duration-ms="60" started-at="2020-06-01T19:51:54 EDT" finished-at="2020-06-01T19:51:54 EDT">
      <class name="logkaka.amin">
        <test-method status="PASS" signature="log1()[pri:0, instance:logkaka.amin@45752059]" name="log1" duration-ms="18" started-at="2020-06-01T19:51:54 EDT" finished-at="2020-06-01T19:51:54 EDT">
          <reporter-output>
          </reporter-output>
        </test-method> <!-- log1 -->
      </class> <!-- logkaka.amin -->
    </test> <!-- Default test -->
  </suite> <!-- Default suite -->
</testng-results>
